<?xml version="1.0" encoding="UTF-8"?>
<!-- Generated by org.testng.reporters.JUnitXMLReporter -->
<testsuite ignored="0" hostname="RYZEN" failures="1" tests="1" name="AddEmpTest" time="91.997" errors="0" timestamp="2026-08-03T12:00:15 IST">
  <testcase classname="test_scripts.AddEmployeeTest" name="addEmployeeTest" time="17.171">
    <failure type="org.openqa.selenium.ElementNotInteractableException" message="element not interactable
  (Session info: MicrosoftEdge=151.0.4129.59)
Build info: version: &amp;apos;4.43.0&amp;apos;, revision: &amp;apos;dd0f534&amp;apos;
System info: os.name: &amp;apos;Windows 11&amp;apos;, os.arch: &amp;apos;amd64&amp;apos;, os.version: &amp;apos;10.0&amp;apos;, java.version: &amp;apos;21.0.11&amp;apos;
Driver info: org.openqa.selenium.edge.EdgeDriver
Command: [eb84db6dee05c4f4af6733607288f3e9, clickElement {id=f.02564EAAA51514348C8DB57E75DC7948.d.1EAC23BC373468E178AA665DB6BD3687.e.27}]
Capabilities {acceptInsecureCerts: false, browserName: MicrosoftEdge, browserVersion: 151.0.4129.59, fedcm:accounts: true, goog:processID: 12084, ms:edgeOptions: {debuggerAddress: localhost:59836}, msedge: {msedgedriverVersion: 151.0.4129.59 (400e1a29bee5..., userDataDir: C:\Users\91995\AppData\Loca...}, networkConnectionEnabled: false, pageLoadStrategy: normal, platformName: windows, proxy: Proxy(), se:cdp: ws://localhost:59836/devtoo..., se:cdpVersion: 151.0.4129.59, setWindowRect: true, strictFileInteractability: false, timeouts: {implicit: 0, pageLoad: 300000, script: 30000}, unhandledPromptBehavior: dismiss and notify, webauthn:extension:credBlob: true, webauthn:extension:largeBlob: true, webauthn:extension:minPinLength: true, webauthn:extension:prf: true, webauthn:virtualAuthenticators: true}
Element: [[EdgeDriver: MicrosoftEdge on windows (eb84db6dee05c4f4af6733607288f3e9)] -&amp;gt; xpath: //span[text()=&amp;apos;PIM&amp;apos;]]
Session ID: eb84db6dee05c4f4af6733607288f3e9">
      <![CDATA[org.openqa.selenium.ElementNotInteractableException: element not interactable
  (Session info: MicrosoftEdge=151.0.4129.59)
Build info: version: '4.43.0', revision: 'dd0f534'
System info: os.name: 'Windows 11', os.arch: 'amd64', os.version: '10.0', java.version: '21.0.11'
Driver info: org.openqa.selenium.edge.EdgeDriver
Command: [eb84db6dee05c4f4af6733607288f3e9, clickElement {id=f.02564EAAA51514348C8DB57E75DC7948.d.1EAC23BC373468E178AA665DB6BD3687.e.27}]
Capabilities {acceptInsecureCerts: false, browserName: MicrosoftEdge, browserVersion: 151.0.4129.59, fedcm:accounts: true, goog:processID: 12084, ms:edgeOptions: {debuggerAddress: localhost:59836}, msedge: {msedgedriverVersion: 151.0.4129.59 (400e1a29bee5..., userDataDir: C:\Users\91995\AppData\Loca...}, networkConnectionEnabled: false, pageLoadStrategy: normal, platformName: windows, proxy: Proxy(), se:cdp: ws://localhost:59836/devtoo..., se:cdpVersion: 151.0.4129.59, setWindowRect: true, strictFileInteractability: false, timeouts: {implicit: 0, pageLoad: 300000, script: 30000}, unhandledPromptBehavior: dismiss and notify, webauthn:extension:credBlob: true, webauthn:extension:largeBlob: true, webauthn:extension:minPinLength: true, webauthn:extension:prf: true, webauthn:virtualAuthenticators: true}
Element: [[EdgeDriver: MicrosoftEdge on windows (eb84db6dee05c4f4af6733607288f3e9)] -> xpath: //span[text()='PIM']]
Session ID: eb84db6dee05c4f4af6733607288f3e9
at org.openqa.selenium.remote.ErrorCodec.decode(ErrorCodec.java:169)
at org.openqa.selenium.remote.codec.w3c.W3CHttpResponseCodec.decode(W3CHttpResponseCodec.java:142)
at org.openqa.selenium.remote.codec.w3c.W3CHttpResponseCodec.decode(W3CHttpResponseCodec.java:49)
at org.openqa.selenium.remote.HttpCommandExecutor.execute(HttpCommandExecutor.java:223)
at org.openqa.selenium.remote.service.DriverCommandExecutor.invokeExecute(DriverCommandExecutor.java:216)
at org.openqa.selenium.remote.service.DriverCommandExecutor.execute(DriverCommandExecutor.java:174)
at org.openqa.selenium.remote.RemoteWebDriver.execute(RemoteWebDriver.java:606)
at org.openqa.selenium.remote.RemoteWebElement.execute(RemoteWebElement.java:223)
at org.openqa.selenium.remote.RemoteWebElement.click(RemoteWebElement.java:76)
at objectrepository.DashboardPage.navigateToModule(DashboardPage.java:36)
at test_scripts.AddEmployeeTest.addEmployeeTest(AddEmployeeTest.java:23)
at java.base/java.util.ArrayList.forEach(ArrayList.java:1596)
at java.base/java.util.concurrent.FutureTask.run(FutureTask.java:317)
at java.base/java.util.concurrent.ThreadPoolExecutor.runWorker(ThreadPoolExecutor.java:1144)
at java.base/java.util.concurrent.ThreadPoolExecutor$Worker.run(ThreadPoolExecutor.java:642)
at java.base/java.lang.Thread.run(Thread.java:1583)
... Removed 15 stack frames]]>
    </failure>
  </testcase> <!-- addEmployeeTest -->
</testsuite> <!-- AddEmpTest -->
