<?xml version="1.0" encoding="UTF-8"?>
<testng-results ignored="0" total="1" passed="1" failed="0" skipped="0">
  <reporter-output>
    <line>
      <![CDATA[DB open]]>
    </line>
    <line>
      <![CDATA[Browser launched successfully]]>
    </line>
    <line>
      <![CDATA[Logged into OrangeHRM]]>
    </line>
    <line>
      <![CDATA[Employee added successfully]]>
    </line>
    <line>
      <![CDATA[Logged out successfully]]>
    </line>
    <line>
      <![CDATA[close browser]]>
    </line>
    <line>
      <![CDATA[DB close]]>
    </line>
  </reporter-output>
  <suite started-at="2026-07-31T12:53:18 IST" name="Suite" finished-at="2026-07-31T12:55:13 IST" duration-ms="114896">
    <groups>
    </groups>
    <test started-at="2026-07-31T12:53:18 IST" name="AddEmpTest" finished-at="2026-07-31T12:55:13 IST" duration-ms="114896">
      <class name="test_scripts.AddEmployeeTest">
        <test-method is-config="true" signature="beforeSuite()[pri:0, instance:test_scripts.AddEmployeeTest@1623b78d]" started-at="2026-07-31T12:53:18 IST" name="beforeSuite" finished-at="2026-07-31T12:53:18 IST" duration-ms="15" status="PASS">
          <reporter-output>
            <line>
              <![CDATA[DB open]]>
            </line>
          </reporter-output>
        </test-method> <!-- beforeSuite -->
        <test-method is-config="true" signature="launchBrowser()[pri:0, instance:test_scripts.AddEmployeeTest@1623b78d]" started-at="2026-07-31T12:53:19 IST" name="launchBrowser" finished-at="2026-07-31T12:53:21 IST" duration-ms="2112" status="PASS">
          <reporter-output>
            <line>
              <![CDATA[Browser launched successfully]]>
            </line>
          </reporter-output>
        </test-method> <!-- launchBrowser -->
        <test-method is-config="true" signature="login()[pri:0, instance:test_scripts.AddEmployeeTest@1623b78d]" started-at="2026-07-31T12:53:21 IST" name="login" finished-at="2026-07-31T12:53:42 IST" duration-ms="21699" status="PASS">
          <reporter-output>
            <line>
              <![CDATA[Logged into OrangeHRM]]>
            </line>
          </reporter-output>
        </test-method> <!-- login -->
        <test-method signature="addEmployeeTest()[pri:0, instance:test_scripts.AddEmployeeTest@1623b78d]" started-at="2026-07-31T12:53:42 IST" name="addEmployeeTest" finished-at="2026-07-31T12:55:10 IST" duration-ms="87217" status="PASS">
          <reporter-output>
            <line>
              <![CDATA[Employee added successfully]]>
            </line>
          </reporter-output>
        </test-method> <!-- addEmployeeTest -->
        <test-method is-config="true" signature="logout()[pri:0, instance:test_scripts.AddEmployeeTest@1623b78d]" started-at="2026-07-31T12:55:10 IST" name="logout" finished-at="2026-07-31T12:55:13 IST" duration-ms="3283" status="PASS">
          <reporter-output>
            <line>
              <![CDATA[Logged out successfully]]>
            </line>
          </reporter-output>
        </test-method> <!-- logout -->
        <test-method is-config="true" signature="closeBrowser()[pri:0, instance:test_scripts.AddEmployeeTest@1623b78d]" started-at="2026-07-31T12:55:13 IST" name="closeBrowser" finished-at="2026-07-31T12:55:13 IST" duration-ms="545" status="PASS">
          <reporter-output>
            <line>
              <![CDATA[close browser]]>
            </line>
          </reporter-output>
        </test-method> <!-- closeBrowser -->
        <test-method is-config="true" signature="afterSuite()[pri:0, instance:test_scripts.AddEmployeeTest@1623b78d]" started-at="2026-07-31T12:55:13 IST" name="afterSuite" finished-at="2026-07-31T12:55:13 IST" duration-ms="0" status="PASS">
          <reporter-output>
            <line>
              <![CDATA[DB close]]>
            </line>
          </reporter-output>
        </test-method> <!-- afterSuite -->
      </class> <!-- test_scripts.AddEmployeeTest -->
    </test> <!-- AddEmpTest -->
  </suite> <!-- Suite -->
</testng-results>
