<?xml version="1.0" encoding="UTF-8"?>
<!-- Generated by org.testng.reporters.JUnitReportReporter -->
<testsuite hostname="RYZEN" failures="0" tests="1" name="test_scripts.SearchEmployeeTest" time="35.068" errors="0" timestamp="2026-07-15T19:21:01 IST" skipped="0">
  <testcase classname="test_scripts.SearchEmployeeTest" name="searchEmployeeTest" time="35.068">
    <system-out>
      <![CDATA[Employee added successfully]]>
    </system-out>
  </testcase> <!-- searchEmployeeTest -->
  <system-out>
    <![CDATA[DB open
Browser launched successfully
Logged into OrangeHRM
Employee added successfully
Logged out successfully
close browser
DB close]]>
  </system-out>
</testsuite> <!-- test_scripts.SearchEmployeeTest -->
