<?xml version="1.0" encoding="UTF-8"?>
<!-- Generated by org.testng.reporters.JUnitReportReporter -->
<testsuite hostname="RYZEN" failures="0" tests="1" name="test_scripts.AddEmployeeTest" time="113.395" errors="0" timestamp="2026-07-30T18:03:29 IST" skipped="0">
  <testcase classname="test_scripts.AddEmployeeTest" name="addEmployeeTest" time="113.395">
    <system-out>
      <![CDATA[Employee added successfully]]>
    </system-out>
  </testcase> <!-- addEmployeeTest -->
  <system-out>
    <![CDATA[DB open
Browser launched successfully
Logged into OrangeHRM
Employee added successfully
Logged out successfully
close browser
DB close]]>
  </system-out>
</testsuite> <!-- test_scripts.AddEmployeeTest -->
