<?xml version="1.0" encoding="UTF-8"?>
<!-- Generated by org.testng.reporters.JUnitReportReporter -->
<testsuite hostname="RYZEN" failures="0" tests="1" name="test_scripts.DeleteEmployeeTest" time="60.860" errors="0" timestamp="2026-07-24T15:13:58 IST" skipped="0">
  <testcase classname="test_scripts.DeleteEmployeeTest" name="deleteEmployeeTest" time="60.860">
    <system-out>
      <![CDATA[Employee not found]]>
    </system-out>
  </testcase> <!-- deleteEmployeeTest -->
  <system-out>
    <![CDATA[DB open
Browser launched successfully
Logged into OrangeHRM
Employee not found
Logged out successfully
close browser
DB close]]>
  </system-out>
</testsuite> <!-- test_scripts.DeleteEmployeeTest -->
