<?xml version="1.0" encoding="UTF-8"?>
<!-- Generated by org.testng.reporters.JUnitReportReporter -->
<testsuite hostname="RYZEN" failures="0" tests="1" name="test_scripts.LoginTest" time="20.089" errors="0" timestamp="2026-07-15T12:34:04 IST" skipped="0">
  <testcase classname="test_scripts.LoginTest" name="loginTest" time="20.089">
    <system-out>
      <![CDATA[Login sucessfully]]>
    </system-out>
  </testcase> <!-- loginTest -->
  <system-out>
    <![CDATA[DB open
Browser launched successfully
Logged into OrangeHRM
Login sucessfully
Logged out successfully
close browser
DB close]]>
  </system-out>
</testsuite> <!-- test_scripts.LoginTest -->
