<?xml version="1.0" encoding="UTF-8"?>
<!-- Generated by org.testng.reporters.JUnitReportReporter -->
<testsuite hostname="RYZEN" failures="0" tests="1" name="test_scripts.EditEmployeeTest" time="101.695" errors="0" timestamp="2026-07-22T10:47:38 IST" skipped="0">
  <testcase classname="test_scripts.EditEmployeeTest" name="editEmployeeTest" time="101.695">
    <system-out>
      <![CDATA[Name changes successfully]]>
    </system-out>
  </testcase> <!-- editEmployeeTest -->
  <system-out>
    <![CDATA[DB open
Browser launched successfully
Logged into OrangeHRM
Logged out successfully
close browser
Browser launched successfully
Logged into OrangeHRM
Name changes successfully
Logged out successfully
close browser
Browser launched successfully
Logged into OrangeHRM
Login sucessfully
Logged out successfully
close browser
Browser launched successfully
Logged into OrangeHRM
Logged out successfully
close browser
DB close]]>
  </system-out>
</testsuite> <!-- test_scripts.EditEmployeeTest -->
